<?xml version="1.0" encoding="UTF-8"?>
<!-- Generated by org.testng.reporters.JUnitReportReporter -->
<testsuite hostname="MSI" failures="0" tests="1" name="pack1.DemoTest2" time="0.008" errors="0" timestamp="2023-05-04T07:42:20 IST" skipped="0">
  <testcase classname="pack1.DemoTest2" name="tc1" time="0.008"/>
  <system-out/>
</testsuite> <!-- pack1.DemoTest2 -->
