<?xml version="1.0" encoding="UTF-8"?>
<!-- Generated by org.testng.reporters.JUnitReportReporter -->
<testsuite hostname="MSI" failures="0" tests="1" name="pack1.DemoTest" time="0.001" errors="0" timestamp="2023-05-04T07:38:17 IST" skipped="0">
  <testcase classname="pack1.DemoTest" name="tc1" time="0.001"/>
  <system-out/>
</testsuite> <!-- pack1.DemoTest -->
